running egg_info
writing ../../build/yolov11/yolov11.egg-info/PKG-INFO
writing dependency_links to ../../build/yolov11/yolov11.egg-info/dependency_links.txt
writing entry points to ../../build/yolov11/yolov11.egg-info/entry_points.txt
writing requirements to ../../build/yolov11/yolov11.egg-info/requires.txt
writing top-level names to ../../build/yolov11/yolov11.egg-info/top_level.txt
reading manifest file '../../build/yolov11/yolov11.egg-info/SOURCES.txt'
writing manifest file '../../build/yolov11/yolov11.egg-info/SOURCES.txt'
running build
running build_py
copying yolov11/pre_yolo11_detect.py -> /home/cherryad3/usb_camera_ws/build/yolov11/build/lib/yolov11
running install
running install_lib
copying /home/cherryad3/usb_camera_ws/build/yolov11/build/lib/yolov11/pre_yolo11_detect.py -> /home/cherryad3/usb_camera_ws/install/yolov11/lib/python3.10/site-packages/yolov11
byte-compiling /home/cherryad3/usb_camera_ws/install/yolov11/lib/python3.10/site-packages/yolov11/pre_yolo11_detect.py to pre_yolo11_detect.cpython-310.pyc
running install_data
running install_egg_info
removing '/home/cherryad3/usb_camera_ws/install/yolov11/lib/python3.10/site-packages/yolov11-0.0.0-py3.10.egg-info' (and everything under it)
Copying ../../build/yolov11/yolov11.egg-info to /home/cherryad3/usb_camera_ws/install/yolov11/lib/python3.10/site-packages/yolov11-0.0.0-py3.10.egg-info
running install_scripts
Installing detector1 script to /home/cherryad3/usb_camera_ws/install/yolov11/lib/yolov11
writing list of installed files to '/home/cherryad3/usb_camera_ws/build/yolov11/install.log'
