[0.008s] Invoking command in '/home/cherryad3/usb_camera_ws/build/usb_cam': CMAKE_PREFIX_PATH=/opt/ros/humble /usr/bin/cmake /home/cherryad3/usb_camera_ws/usb_cam -DCMAKE_INSTALL_PREFIX=/home/cherryad3/usb_camera_ws/install/usb_cam
[0.075s] -- The C compiler identification is GNU 11.4.0
[0.130s] -- The CXX compiler identification is GNU 11.4.0
[0.136s] -- Detecting C compiler ABI info
[0.180s] -- Detecting C compiler ABI info - done
[0.184s] -- Check for working C compiler: /usr/bin/cc - skipped
[0.184s] -- Detecting C compile features
[0.184s] -- Detecting C compile features - done
[0.186s] -- Detecting CXX compiler ABI info
[0.238s] -- Detecting CXX compiler ABI info - done
[0.242s] -- Check for working CXX compiler: /usr/bin/c++ - skipped
[0.242s] -- Detecting CXX compile features
[0.242s] -- Detecting CXX compile features - done
[0.243s] -- Found ament_cmake_auto: 1.3.12 (/opt/ros/humble/share/ament_cmake_auto/cmake)
[0.330s] -- Found Python3: /usr/bin/python3 (found version "3.10.12") found components: Interpreter 
[0.429s] -- Found rosidl_generator_c: 3.1.8 (/opt/ros/humble/share/rosidl_generator_c/cmake)
[0.431s] -- Found rosidl_adapter: 3.1.8 (/opt/ros/humble/share/rosidl_adapter/cmake)
[0.434s] -- Found rosidl_generator_cpp: 3.1.8 (/opt/ros/humble/share/rosidl_generator_cpp/cmake)
[0.439s] -- Using all available rosidl_typesupport_c: rosidl_typesupport_fastrtps_c;rosidl_typesupport_introspection_c
[0.446s] -- Using all available rosidl_typesupport_cpp: rosidl_typesupport_fastrtps_cpp;rosidl_typesupport_introspection_cpp
[0.465s] -- Found rmw_implementation_cmake: 6.1.2 (/opt/ros/humble/share/rmw_implementation_cmake/cmake)
[0.466s] -- Found rmw_fastrtps_cpp: 6.2.9 (/opt/ros/humble/share/rmw_fastrtps_cpp/cmake)
[0.516s] -- Found OpenSSL: /usr/lib/x86_64-linux-gnu/libcrypto.so (found version "3.0.2")  
[0.530s] -- Found FastRTPS: /opt/ros/humble/include  
[0.550s] -- Using RMW implementation 'rmw_fastrtps_cpp' as default
[0.554s] -- Looking for pthread.h
[0.601s] -- Looking for pthread.h - found
[0.601s] -- Performing Test CMAKE_HAVE_LIBC_PTHREAD
[0.644s] -- Performing Test CMAKE_HAVE_LIBC_PTHREAD - Success
[0.644s] -- Found Threads: TRUE  
[0.744s] -- Found OpenCV: /usr (found version "4.5.4") 
[0.747s] -- Found PkgConfig: /usr/bin/pkg-config (found version "0.29.2") 
[0.747s] -- Checking for module 'libavcodec'
[0.757s] --   Found libavcodec, version 58.134.100
[0.779s] -- Checking for module 'libavutil'
[0.785s] --   Found libavutil, version 56.70.100
[0.805s] -- Checking for module 'libswscale'
[0.813s] --   Found libswscale, version 5.9.100
[0.834s] -- Found ament_lint_auto: 0.12.14 (/opt/ros/humble/share/ament_lint_auto/cmake)
[0.840s] -- Found gtest sources under '/opt/ros/humble/src/gtest_vendor': C++ tests using 'Google Test' will be built
[0.844s] [0mIn this package, headers install destination is set to `include` by ament_auto_package. It is recommended to install `include/usb_cam` instead and will be the default behavior of ament_auto_package from ROS 2 Kilted Kaiju. On distributions before Kilted, ament_auto_package behaves the same way when you use USE_SCOPED_HEADER_INSTALL_DIR option.[0m
[0.845s] -- Added test 'copyright' to check source files copyright and LICENSE
[0.847s] -- Added test 'cppcheck' to perform static code analysis on C / C++ code
[0.847s] -- Configured cppcheck include dirs: /home/cherryad3/usb_camera_ws/usb_cam/include
[0.847s] -- Configured cppcheck exclude dirs and/or files: 
[0.849s] -- Added test 'cpplint' to check C / C++ code against the Google style
[0.849s] -- Configured cpplint exclude dirs and/or files: 
[0.849s] -- Added test 'flake8' to check Python code syntax and style conventions
[0.850s] -- Added test 'lint_cmake' to check CMake code style
[0.850s] -- Added test 'pep257' to check Python code against some of the docstring style conventions in PEP 257
[0.851s] -- Added test 'uncrustify' to check C / C++ code style
[0.851s] -- Configured uncrustify additional arguments: 
[0.852s] -- Added test 'xmllint' to check XML markup files
[0.853s] -- Configuring done
[0.865s] -- Generating done
[0.870s] -- Build files have been written to: /home/cherryad3/usb_camera_ws/build/usb_cam
[0.878s] Invoked command in '/home/cherryad3/usb_camera_ws/build/usb_cam' returned '0': CMAKE_PREFIX_PATH=/opt/ros/humble /usr/bin/cmake /home/cherryad3/usb_camera_ws/usb_cam -DCMAKE_INSTALL_PREFIX=/home/cherryad3/usb_camera_ws/install/usb_cam
[0.879s] Invoking command in '/home/cherryad3/usb_camera_ws/build/usb_cam': CMAKE_PREFIX_PATH=/opt/ros/humble /usr/bin/cmake --build /home/cherryad3/usb_camera_ws/build/usb_cam -- -j16 -l16
[0.908s] [ 14%] [32mBuilding CXX object gtest/CMakeFiles/gtest.dir/src/gtest-all.cc.o[0m
[0.908s] [ 14%] [32mBuilding CXX object gtest/CMakeFiles/gtest_main.dir/src/gtest_main.cc.o[0m
[0.909s] [ 21%] [32mBuilding CXX object CMakeFiles/usb_cam.dir/src/usb_cam.cpp.o[0m
[0.909s] [ 28%] [32mBuilding CXX object CMakeFiles/usb_cam_node_exe.dir/rclcpp_components/node_main_usb_cam_node_exe.cpp.o[0m
[1.408s] [ 35%] [32m[1mLinking CXX static library libgtest_main.a[0m
[1.433s] [ 35%] Built target gtest_main
[1.960s] [ 42%] [32m[1mLinking CXX shared library libusb_cam.so[0m
[2.069s] [ 42%] Built target usb_cam
[2.083s] [ 50%] [32mBuilding CXX object CMakeFiles/usb_cam_node.dir/src/usb_cam_node.cpp.o[0m
[2.662s] [ 57%] [32m[1mLinking CXX static library libgtest.a[0m
[2.694s] [ 57%] Built target gtest
[2.707s] [ 71%] [32mBuilding CXX object CMakeFiles/test_pixel_formats.dir/test/test_pixel_formats.cpp.o[0m
[2.707s] [ 71%] [32mBuilding CXX object CMakeFiles/test_usb_cam_utils.dir/test/test_usb_cam_utils.cpp.o[0m
[2.765s] [ 78%] [32m[1mLinking CXX executable usb_cam_node_exe[0m
[2.900s] [ 78%] Built target usb_cam_node_exe
[3.379s] [ 85%] [32m[1mLinking CXX executable test_usb_cam_utils[0m
[3.510s] [ 85%] Built target test_usb_cam_utils
[3.553s] [ 92%] [32m[1mLinking CXX executable test_pixel_formats[0m
[3.677s] [ 92%] Built target test_pixel_formats
[6.513s] [100%] [32m[1mLinking CXX shared library libusb_cam_node.so[0m
[6.725s] [100%] Built target usb_cam_node
[6.737s] Invoked command in '/home/cherryad3/usb_camera_ws/build/usb_cam' returned '0': CMAKE_PREFIX_PATH=/opt/ros/humble /usr/bin/cmake --build /home/cherryad3/usb_camera_ws/build/usb_cam -- -j16 -l16
[6.743s] Invoking command in '/home/cherryad3/usb_camera_ws/build/usb_cam': CMAKE_PREFIX_PATH=/opt/ros/humble /usr/bin/cmake --install /home/cherryad3/usb_camera_ws/build/usb_cam
[6.747s] -- Install configuration: ""
[6.747s] -- Installing: /home/cherryad3/usb_camera_ws/install/usb_cam/share/usb_cam/environment/library_path.sh
[6.747s] -- Installing: /home/cherryad3/usb_camera_ws/install/usb_cam/share/usb_cam/environment/library_path.dsv
[6.747s] -- Installing: /home/cherryad3/usb_camera_ws/install/usb_cam/lib/usb_cam/usb_cam_node_exe
[6.747s] -- Set runtime path of "/home/cherryad3/usb_camera_ws/install/usb_cam/lib/usb_cam/usb_cam_node_exe" to ""
[6.747s] -- Installing: /home/cherryad3/usb_camera_ws/install/usb_cam/lib/usb_cam/show_image.py
[6.747s] -- Installing: /home/cherryad3/usb_camera_ws/install/usb_cam/lib/libusb_cam.so
[6.747s] -- Installing: /home/cherryad3/usb_camera_ws/install/usb_cam/lib/libusb_cam_node.so
[6.749s] -- Set runtime path of "/home/cherryad3/usb_camera_ws/install/usb_cam/lib/libusb_cam_node.so" to ""
[6.749s] -- Installing: /home/cherryad3/usb_camera_ws/install/usb_cam/include
[6.749s] -- Installing: /home/cherryad3/usb_camera_ws/install/usb_cam/include/usb_cam
[6.749s] -- Installing: /home/cherryad3/usb_camera_ws/install/usb_cam/include/usb_cam/usb_cam_node.hpp
[6.749s] -- Installing: /home/cherryad3/usb_camera_ws/install/usb_cam/include/usb_cam/conversions.hpp
[6.749s] -- Installing: /home/cherryad3/usb_camera_ws/install/usb_cam/include/usb_cam/constants.hpp
[6.749s] -- Installing: /home/cherryad3/usb_camera_ws/install/usb_cam/include/usb_cam/utils.hpp
[6.749s] -- Installing: /home/cherryad3/usb_camera_ws/install/usb_cam/include/usb_cam/formats
[6.749s] -- Installing: /home/cherryad3/usb_camera_ws/install/usb_cam/include/usb_cam/formats/yuyv.hpp
[6.749s] -- Installing: /home/cherryad3/usb_camera_ws/install/usb_cam/include/usb_cam/formats/mono.hpp
[6.749s] -- Installing: /home/cherryad3/usb_camera_ws/install/usb_cam/include/usb_cam/formats/uyvy.hpp
[6.749s] -- Installing: /home/cherryad3/usb_camera_ws/install/usb_cam/include/usb_cam/formats/m420.hpp
[6.749s] -- Installing: /home/cherryad3/usb_camera_ws/install/usb_cam/include/usb_cam/formats/mjpeg.hpp
[6.749s] -- Installing: /home/cherryad3/usb_camera_ws/install/usb_cam/include/usb_cam/formats/rgb.hpp
[6.749s] -- Installing: /home/cherryad3/usb_camera_ws/install/usb_cam/include/usb_cam/formats/utils.hpp
[6.749s] -- Installing: /home/cherryad3/usb_camera_ws/install/usb_cam/include/usb_cam/formats/av_pixel_format_helper.hpp
[6.749s] -- Installing: /home/cherryad3/usb_camera_ws/install/usb_cam/include/usb_cam/formats/pixel_format_base.hpp
[6.749s] -- Installing: /home/cherryad3/usb_camera_ws/install/usb_cam/include/usb_cam/usb_cam.hpp
[6.749s] -- Up-to-date: /home/cherryad3/usb_camera_ws/install/usb_cam/lib/libusb_cam_node.so
[6.749s] -- Installing: /home/cherryad3/usb_camera_ws/install/usb_cam/share/usb_cam/launch
[6.749s] -- Installing: /home/cherryad3/usb_camera_ws/install/usb_cam/share/usb_cam/launch/camera_config.py
[6.749s] -- Installing: /home/cherryad3/usb_camera_ws/install/usb_cam/share/usb_cam/launch/camera.launch.py
[6.749s] -- Installing: /home/cherryad3/usb_camera_ws/install/usb_cam/share/usb_cam/launch/__init__.py
[6.749s] -- Installing: /home/cherryad3/usb_camera_ws/install/usb_cam/share/usb_cam/config
[6.749s] -- Installing: /home/cherryad3/usb_camera_ws/install/usb_cam/share/usb_cam/config/params_1.yaml
[6.749s] -- Installing: /home/cherryad3/usb_camera_ws/install/usb_cam/share/usb_cam/config/params_2.yaml
[6.750s] -- Installing: /home/cherryad3/usb_camera_ws/install/usb_cam/share/usb_cam/config/camera_info.yaml
[6.750s] -- Installing: /home/cherryad3/usb_camera_ws/install/usb_cam/share/ament_index/resource_index/package_run_dependencies/usb_cam
[6.750s] -- Installing: /home/cherryad3/usb_camera_ws/install/usb_cam/share/ament_index/resource_index/parent_prefix_path/usb_cam
[6.750s] -- Installing: /home/cherryad3/usb_camera_ws/install/usb_cam/share/usb_cam/environment/ament_prefix_path.sh
[6.750s] -- Installing: /home/cherryad3/usb_camera_ws/install/usb_cam/share/usb_cam/environment/ament_prefix_path.dsv
[6.750s] -- Installing: /home/cherryad3/usb_camera_ws/install/usb_cam/share/usb_cam/environment/path.sh
[6.750s] -- Installing: /home/cherryad3/usb_camera_ws/install/usb_cam/share/usb_cam/environment/path.dsv
[6.750s] -- Installing: /home/cherryad3/usb_camera_ws/install/usb_cam/share/usb_cam/local_setup.bash
[6.750s] -- Installing: /home/cherryad3/usb_camera_ws/install/usb_cam/share/usb_cam/local_setup.sh
[6.750s] -- Installing: /home/cherryad3/usb_camera_ws/install/usb_cam/share/usb_cam/local_setup.zsh
[6.750s] -- Installing: /home/cherryad3/usb_camera_ws/install/usb_cam/share/usb_cam/local_setup.dsv
[6.750s] -- Installing: /home/cherryad3/usb_camera_ws/install/usb_cam/share/usb_cam/package.dsv
[6.750s] -- Installing: /home/cherryad3/usb_camera_ws/install/usb_cam/share/ament_index/resource_index/packages/usb_cam
[6.750s] -- Installing: /home/cherryad3/usb_camera_ws/install/usb_cam/share/ament_index/resource_index/rclcpp_components/usb_cam
[6.750s] -- Installing: /home/cherryad3/usb_camera_ws/install/usb_cam/share/usb_cam/cmake/ament_cmake_export_libraries-extras.cmake
[6.750s] -- Installing: /home/cherryad3/usb_camera_ws/install/usb_cam/share/usb_cam/cmake/ament_cmake_export_dependencies-extras.cmake
[6.750s] -- Installing: /home/cherryad3/usb_camera_ws/install/usb_cam/share/usb_cam/cmake/ament_cmake_export_include_directories-extras.cmake
[6.750s] -- Installing: /home/cherryad3/usb_camera_ws/install/usb_cam/share/usb_cam/cmake/usb_camConfig.cmake
[6.750s] -- Installing: /home/cherryad3/usb_camera_ws/install/usb_cam/share/usb_cam/cmake/usb_camConfig-version.cmake
[6.750s] -- Installing: /home/cherryad3/usb_camera_ws/install/usb_cam/share/usb_cam/package.xml
[6.752s] Invoked command in '/home/cherryad3/usb_camera_ws/build/usb_cam' returned '0': CMAKE_PREFIX_PATH=/opt/ros/humble /usr/bin/cmake --install /home/cherryad3/usb_camera_ws/build/usb_cam
