running egg_info
writing ../../build/image_saver/image_saver.egg-info/PKG-INFO
writing dependency_links to ../../build/image_saver/image_saver.egg-info/dependency_links.txt
writing entry points to ../../build/image_saver/image_saver.egg-info/entry_points.txt
writing requirements to ../../build/image_saver/image_saver.egg-info/requires.txt
writing top-level names to ../../build/image_saver/image_saver.egg-info/top_level.txt
reading manifest file '../../build/image_saver/image_saver.egg-info/SOURCES.txt'
writing manifest file '../../build/image_saver/image_saver.egg-info/SOURCES.txt'
running build
running build_py
copying image_saver/pose_estimation.py -> /home/cherryad3/usb_camera_ws/build/image_saver/build/lib/image_saver
running install
running install_lib
copying /home/cherryad3/usb_camera_ws/build/image_saver/build/lib/image_saver/pose_estimation.py -> /home/cherryad3/usb_camera_ws/install/image_saver/lib/python3.10/site-packages/image_saver
byte-compiling /home/cherryad3/usb_camera_ws/install/image_saver/lib/python3.10/site-packages/image_saver/pose_estimation.py to pose_estimation.cpython-310.pyc
running install_data
running install_egg_info
removing '/home/cherryad3/usb_camera_ws/install/image_saver/lib/python3.10/site-packages/image_saver-0.0.0-py3.10.egg-info' (and everything under it)
Copying ../../build/image_saver/image_saver.egg-info to /home/cherryad3/usb_camera_ws/install/image_saver/lib/python3.10/site-packages/image_saver-0.0.0-py3.10.egg-info
running install_scripts
Installing estimator script to /home/cherryad3/usb_camera_ws/install/image_saver/lib/image_saver
Installing subscriber script to /home/cherryad3/usb_camera_ws/install/image_saver/lib/image_saver
writing list of installed files to '/home/cherryad3/usb_camera_ws/build/image_saver/install.log'
