running egg_info
creating ../../build/yolov11/yolov11.egg-info
writing ../../build/yolov11/yolov11.egg-info/PKG-INFO
writing dependency_links to ../../build/yolov11/yolov11.egg-info/dependency_links.txt
writing entry points to ../../build/yolov11/yolov11.egg-info/entry_points.txt
writing requirements to ../../build/yolov11/yolov11.egg-info/requires.txt
writing top-level names to ../../build/yolov11/yolov11.egg-info/top_level.txt
writing manifest file '../../build/yolov11/yolov11.egg-info/SOURCES.txt'
reading manifest file '../../build/yolov11/yolov11.egg-info/SOURCES.txt'
writing manifest file '../../build/yolov11/yolov11.egg-info/SOURCES.txt'
running build
running build_py
creating /home/cherryad3/usb_camera_ws/build/yolov11/build
creating /home/cherryad3/usb_camera_ws/build/yolov11/build/lib
creating /home/cherryad3/usb_camera_ws/build/yolov11/build/lib/yolov11
copying yolov11/pre_yolo11_detect.py -> /home/cherryad3/usb_camera_ws/build/yolov11/build/lib/yolov11
copying yolov11/__init__.py -> /home/cherryad3/usb_camera_ws/build/yolov11/build/lib/yolov11
running install
running install_lib
creating /home/cherryad3/usb_camera_ws/install/yolov11/lib/python3.10/site-packages/yolov11
copying /home/cherryad3/usb_camera_ws/build/yolov11/build/lib/yolov11/pre_yolo11_detect.py -> /home/cherryad3/usb_camera_ws/install/yolov11/lib/python3.10/site-packages/yolov11
copying /home/cherryad3/usb_camera_ws/build/yolov11/build/lib/yolov11/__init__.py -> /home/cherryad3/usb_camera_ws/install/yolov11/lib/python3.10/site-packages/yolov11
byte-compiling /home/cherryad3/usb_camera_ws/install/yolov11/lib/python3.10/site-packages/yolov11/pre_yolo11_detect.py to pre_yolo11_detect.cpython-310.pyc
byte-compiling /home/cherryad3/usb_camera_ws/install/yolov11/lib/python3.10/site-packages/yolov11/__init__.py to __init__.cpython-310.pyc
running install_data
creating /home/cherryad3/usb_camera_ws/install/yolov11/share/ament_index
creating /home/cherryad3/usb_camera_ws/install/yolov11/share/ament_index/resource_index
creating /home/cherryad3/usb_camera_ws/install/yolov11/share/ament_index/resource_index/packages
copying resource/yolov11 -> /home/cherryad3/usb_camera_ws/install/yolov11/share/ament_index/resource_index/packages
copying package.xml -> /home/cherryad3/usb_camera_ws/install/yolov11/share/yolov11
running install_egg_info
Copying ../../build/yolov11/yolov11.egg-info to /home/cherryad3/usb_camera_ws/install/yolov11/lib/python3.10/site-packages/yolov11-0.0.0-py3.10.egg-info
running install_scripts
Installing detector1 script to /home/cherryad3/usb_camera_ws/install/yolov11/lib/yolov11
writing list of installed files to '/home/cherryad3/usb_camera_ws/build/yolov11/install.log'
