[0.434s] Invoking command in '/home/cherryad3/usb_camera_ws/src/yolov11': CONDA_PROMPT_MODIFIER=(YOLO11) PYTHONPATH=/home/cherryad3/usb_camera_ws/build/yolov11/prefix_override:/usr/lib/python3/dist-packages/colcon_core/task/python/colcon_distutils_commands:/home/cherryad3/usb_camera_ws/install/yolov11/lib/python3.10/site-packages:${PYTHONPATH} /usr/bin/python3 -W ignore:setup.py install is deprecated -W ignore:easy_install command is deprecated setup.py egg_info --egg-base ../../build/yolov11 build --build-base /home/cherryad3/usb_camera_ws/build/yolov11/build install --record /home/cherryad3/usb_camera_ws/build/yolov11/install.log --single-version-externally-managed install_data
[0.551s] running egg_info
[0.551s] creating ../../build/yolov11/yolov11.egg-info
[0.551s] writing ../../build/yolov11/yolov11.egg-info/PKG-INFO
[0.551s] writing dependency_links to ../../build/yolov11/yolov11.egg-info/dependency_links.txt
[0.552s] writing entry points to ../../build/yolov11/yolov11.egg-info/entry_points.txt
[0.552s] writing requirements to ../../build/yolov11/yolov11.egg-info/requires.txt
[0.552s] writing top-level names to ../../build/yolov11/yolov11.egg-info/top_level.txt
[0.558s] writing manifest file '../../build/yolov11/yolov11.egg-info/SOURCES.txt'
[0.558s] reading manifest file '../../build/yolov11/yolov11.egg-info/SOURCES.txt'
[0.559s] writing manifest file '../../build/yolov11/yolov11.egg-info/SOURCES.txt'
[0.559s] running build
[0.559s] running build_py
[0.559s] creating /home/cherryad3/usb_camera_ws/build/yolov11/build
[0.559s] creating /home/cherryad3/usb_camera_ws/build/yolov11/build/lib
[0.559s] creating /home/cherryad3/usb_camera_ws/build/yolov11/build/lib/yolov11
[0.559s] copying yolov11/pre_yolo11_detect.py -> /home/cherryad3/usb_camera_ws/build/yolov11/build/lib/yolov11
[0.559s] copying yolov11/__init__.py -> /home/cherryad3/usb_camera_ws/build/yolov11/build/lib/yolov11
[0.559s] running install
[0.560s] running install_lib
[0.560s] creating /home/cherryad3/usb_camera_ws/install/yolov11/lib/python3.10/site-packages/yolov11
[0.560s] copying /home/cherryad3/usb_camera_ws/build/yolov11/build/lib/yolov11/pre_yolo11_detect.py -> /home/cherryad3/usb_camera_ws/install/yolov11/lib/python3.10/site-packages/yolov11
[0.560s] copying /home/cherryad3/usb_camera_ws/build/yolov11/build/lib/yolov11/__init__.py -> /home/cherryad3/usb_camera_ws/install/yolov11/lib/python3.10/site-packages/yolov11
[0.560s] byte-compiling /home/cherryad3/usb_camera_ws/install/yolov11/lib/python3.10/site-packages/yolov11/pre_yolo11_detect.py to pre_yolo11_detect.cpython-310.pyc
[0.560s] byte-compiling /home/cherryad3/usb_camera_ws/install/yolov11/lib/python3.10/site-packages/yolov11/__init__.py to __init__.cpython-310.pyc
[0.560s] running install_data
[0.560s] creating /home/cherryad3/usb_camera_ws/install/yolov11/share/ament_index
[0.561s] creating /home/cherryad3/usb_camera_ws/install/yolov11/share/ament_index/resource_index
[0.561s] creating /home/cherryad3/usb_camera_ws/install/yolov11/share/ament_index/resource_index/packages
[0.561s] copying resource/yolov11 -> /home/cherryad3/usb_camera_ws/install/yolov11/share/ament_index/resource_index/packages
[0.561s] copying package.xml -> /home/cherryad3/usb_camera_ws/install/yolov11/share/yolov11
[0.561s] running install_egg_info
[0.562s] Copying ../../build/yolov11/yolov11.egg-info to /home/cherryad3/usb_camera_ws/install/yolov11/lib/python3.10/site-packages/yolov11-0.0.0-py3.10.egg-info
[0.562s] running install_scripts
[0.576s] Installing detector1 script to /home/cherryad3/usb_camera_ws/install/yolov11/lib/yolov11
[0.576s] writing list of installed files to '/home/cherryad3/usb_camera_ws/build/yolov11/install.log'
[0.597s] Invoked command in '/home/cherryad3/usb_camera_ws/src/yolov11' returned '0': CONDA_PROMPT_MODIFIER=(YOLO11) PYTHONPATH=/home/cherryad3/usb_camera_ws/build/yolov11/prefix_override:/usr/lib/python3/dist-packages/colcon_core/task/python/colcon_distutils_commands:/home/cherryad3/usb_camera_ws/install/yolov11/lib/python3.10/site-packages:${PYTHONPATH} /usr/bin/python3 -W ignore:setup.py install is deprecated -W ignore:easy_install command is deprecated setup.py egg_info --egg-base ../../build/yolov11 build --build-base /home/cherryad3/usb_camera_ws/build/yolov11/build install --record /home/cherryad3/usb_camera_ws/build/yolov11/install.log --single-version-externally-managed install_data
